0 info it worked if it ends with ok
1 verbose cli [ '/usr/local/bin/node',
1 verbose cli   '/usr/local/bin/npm',
1 verbose cli   'install',
1 verbose cli   '--save',
1 verbose cli   'cheerio' ]
2 info using npm@1.4.28
3 info using node@v0.10.32
4 warn package.json beer-avaliator@0.0.0 No description
5 verbose readDependencies using package.json deps
6 verbose cache add [ 'cheerio', null ]
7 verbose cache add name=undefined spec="cheerio" args=["cheerio",null]
8 verbose parsed url { protocol: null,
8 verbose parsed url   slashes: null,
8 verbose parsed url   auth: null,
8 verbose parsed url   host: null,
8 verbose parsed url   port: null,
8 verbose parsed url   hostname: null,
8 verbose parsed url   hash: null,
8 verbose parsed url   search: null,
8 verbose parsed url   query: null,
8 verbose parsed url   pathname: 'cheerio',
8 verbose parsed url   path: 'cheerio',
8 verbose parsed url   href: 'cheerio' }
9 silly lockFile efb58830-cheerio cheerio
10 verbose lock cheerio /home/ventura/.npm/efb58830-cheerio.lock
11 silly lockFile efb58830-cheerio cheerio
12 silly lockFile efb58830-cheerio cheerio
13 verbose addNamed [ 'cheerio', '' ]
14 verbose addNamed [ null, '*' ]
15 silly lockFile 8cd5cc09-cheerio cheerio@
16 verbose lock cheerio@ /home/ventura/.npm/8cd5cc09-cheerio.lock
17 silly addNameRange { name: 'cheerio', range: '*', hasData: false }
18 verbose request where is /cheerio
19 verbose request registry https://registry.npmjs.org/
20 verbose request id 3f49b8c1a70b4aa8
21 verbose url raw /cheerio
22 verbose url resolving [ 'https://registry.npmjs.org/', './cheerio' ]
23 verbose url resolved https://registry.npmjs.org/cheerio
24 verbose request where is https://registry.npmjs.org/cheerio
25 info trying registry request attempt 1 at 22:05:47
26 verbose etag "AC4RLYYOVLV39YUKXN617ZCLM"
27 http GET https://registry.npmjs.org/cheerio
28 http 200 https://registry.npmjs.org/cheerio
29 silly registry.get cb [ 200,
29 silly registry.get   { server: 'CouchDB/1.5.0 (Erlang OTP/R16B03)',
29 silly registry.get     etag: '"JQ6A9HMMS34BNMOYSOVJ9JMG"',
29 silly registry.get     'content-type': 'application/json',
29 silly registry.get     'cache-control': 'max-age=60',
29 silly registry.get     'content-length': '91645',
29 silly registry.get     'accept-ranges': 'bytes',
29 silly registry.get     date: 'Tue, 15 Sep 2015 01:05:48 GMT',
29 silly registry.get     via: '1.1 varnish',
29 silly registry.get     age: '41',
29 silly registry.get     connection: 'keep-alive',
29 silly registry.get     'x-served-by': 'cache-atl6233-ATL',
29 silly registry.get     'x-cache': 'HIT',
29 silly registry.get     'x-cache-hits': '30',
29 silly registry.get     'x-timer': 'S1442279148.126760,VS0,VE0',
29 silly registry.get     vary: 'Accept' } ]
30 silly addNameRange number 2 { name: 'cheerio', range: '*', hasData: true }
31 silly addNameRange versions [ 'cheerio',
31 silly addNameRange   [ '0.0.1',
31 silly addNameRange     '0.0.2',
31 silly addNameRange     '0.0.3',
31 silly addNameRange     '0.0.4',
31 silly addNameRange     '0.1.1',
31 silly addNameRange     '0.1.2',
31 silly addNameRange     '0.1.3',
31 silly addNameRange     '0.1.4',
31 silly addNameRange     '0.1.5',
31 silly addNameRange     '0.2.0',
31 silly addNameRange     '0.2.1',
31 silly addNameRange     '0.2.2',
31 silly addNameRange     '0.3.0',
31 silly addNameRange     '0.3.1',
31 silly addNameRange     '0.3.2',
31 silly addNameRange     '0.4.0',
31 silly addNameRange     '0.4.1',
31 silly addNameRange     '0.4.2',
31 silly addNameRange     '0.5.0',
31 silly addNameRange     '0.5.1',
31 silly addNameRange     '0.5.2',
31 silly addNameRange     '0.6.0',
31 silly addNameRange     '0.6.1',
31 silly addNameRange     '0.6.2',
31 silly addNameRange     '0.7.0',
31 silly addNameRange     '0.8.0',
31 silly addNameRange     '0.8.1',
31 silly addNameRange     '0.8.2',
31 silly addNameRange     '0.8.3',
31 silly addNameRange     '0.9.0',
31 silly addNameRange     '0.9.1',
31 silly addNameRange     '0.9.2',
31 silly addNameRange     '0.10.0',
31 silly addNameRange     '0.10.1',
31 silly addNameRange     '0.10.2',
31 silly addNameRange     '0.10.3',
31 silly addNameRange     '0.10.4',
31 silly addNameRange     '0.10.5',
31 silly addNameRange     '0.10.6',
31 silly addNameRange     '0.10.7',
31 silly addNameRange     '0.10.8',
31 silly addNameRange     '0.11.0',
31 silly addNameRange     '0.12.0',
31 silly addNameRange     '0.12.1',
31 silly addNameRange     '0.12.2',
31 silly addNameRange     '0.12.3',
31 silly addNameRange     '0.12.4',
31 silly addNameRange     '0.13.0',
31 silly addNameRange     '0.13.1',
31 silly addNameRange     '0.14.0',
31 silly addNameRange     '0.15.0',
31 silly addNameRange     '0.16.0',
31 silly addNameRange     '0.17.0',
31 silly addNameRange     '0.18.0',
31 silly addNameRange     '0.19.0' ] ]
32 verbose addNamed [ 'cheerio', '0.19.0' ]
33 verbose addNamed [ '0.19.0', '0.19.0' ]
34 silly lockFile 31c8477d-cheerio-0-19-0 cheerio@0.19.0
35 verbose lock cheerio@0.19.0 /home/ventura/.npm/31c8477d-cheerio-0-19-0.lock
36 silly lockFile 40bc45d6-s-org-cheerio-cheerio-0-19-0-tgz https://registry.npmjs.org/cheerio/-/cheerio-0.19.0.tgz
37 verbose lock https://registry.npmjs.org/cheerio/-/cheerio-0.19.0.tgz /home/ventura/.npm/40bc45d6-s-org-cheerio-cheerio-0-19-0-tgz.lock
38 verbose addRemoteTarball [ 'https://registry.npmjs.org/cheerio/-/cheerio-0.19.0.tgz',
38 verbose addRemoteTarball   '772e7015f2ee29965096d71ea4175b75ab354925' ]
39 info retry fetch attempt 1 at 22:05:48
40 verbose fetch to= /tmp/npm-16075-QkRVIzW-/registry.npmjs.org/cheerio/-/cheerio-0.19.0.tgz
41 http GET https://registry.npmjs.org/cheerio/-/cheerio-0.19.0.tgz
42 http 200 https://registry.npmjs.org/cheerio/-/cheerio-0.19.0.tgz
43 silly lockFile 40bc45d6-s-org-cheerio-cheerio-0-19-0-tgz https://registry.npmjs.org/cheerio/-/cheerio-0.19.0.tgz
44 silly lockFile 40bc45d6-s-org-cheerio-cheerio-0-19-0-tgz https://registry.npmjs.org/cheerio/-/cheerio-0.19.0.tgz
45 silly lockFile 31c8477d-cheerio-0-19-0 cheerio@0.19.0
46 silly lockFile 31c8477d-cheerio-0-19-0 cheerio@0.19.0
47 silly lockFile 8cd5cc09-cheerio cheerio@
48 silly lockFile 8cd5cc09-cheerio cheerio@
49 error Error: EACCES, mkdir '/home/ventura/.npm/cheerio/0.19.0'
49 error  { [Error: EACCES, mkdir '/home/ventura/.npm/cheerio/0.19.0']
49 error   errno: 3,
49 error   code: 'EACCES',
49 error   path: '/home/ventura/.npm/cheerio/0.19.0',
49 error   parent: 'beer-avaliator' }
50 error Please try running this command again as root/Administrator.
51 error System Linux 3.13.0-24-generic
52 error command "/usr/local/bin/node" "/usr/local/bin/npm" "install" "--save" "cheerio"
53 error cwd /home/ventura/Projects/beer-avaliator
54 error node -v v0.10.32
55 error npm -v 1.4.28
56 error path /home/ventura/.npm/cheerio/0.19.0
57 error code EACCES
58 error errno 3
59 error stack Error: EACCES, mkdir '/home/ventura/.npm/cheerio/0.19.0'
60 verbose exit [ 3, true ]
